https://koronapay.com
tcp://194.85.18.32:80
tcp://194.85.18.32:443
https://app.koronapay.com
tcp://151.101.1.195:443
https://applink.koronapay.com
https://api.koronapay.com
tcp://194.85.18.31:443
https://koronapay.com/transfers/mob/projects/eu/!check_status2.aspx
https://koronapay.com/ags/agents
https://koronapay.com/api/countries
https://koronapay.com/api/transfers/tariffs
https://koronapay.com/transfers/mob/projects/eu/mail2_1.aspx
https://koronapay.com/api/transfers/tariffs/info
https://koronapay.com//transfers/mob/projects/eu/mail3.aspx
https://yoomoney.ru
http://fl.yoomoney.ru
https://ocsp.yoomoney.ru
http://certs.yoomoney.ru
https://cacerts.yoomoney.ru
https://shop.yoomoney.ru
https://jobs.yoomoney.ru
https://zakupki.yoomoney.ru
https://3ds-gate.yoomoney.ru
https://yoomoney.ru/user-promo/platform/timings
https://yoomoney.ru/offerwall/ajax/getRecommendations
https://cardservice.yoomoney.ru/webservice/issue/api/requestActivationPanToken
https://yoomoney.ru/yooid/signup/api/v2/registration/create
https://yoomoney.ru/yooid/signup/api/v2/registration/phone/set
https://yoomoney.ru/yooid/signup/api/v2/registration/phone
https://yoomoney.ru/yooid/signin/api/process/start/standard
https://yoomoney.ru/ajax/suggest-search
https://telemetry.koronapay.com/
tcp://194.85.18.33:443
