https://vsrf.ru/
https://vsrf.ru/lk/practice/acts
https://vsrf.ru/lk/practice/acts?&numberExact=off&number=111&actDateExact=off
http://vsrf.ru/stor_pdf_ec.php?id=2127020
https://vsrf.ru/lk/practice/cases
https://vsrf.ru/lk/practice/cases?®isterDateExact=off&considerationDateExact=off&numberExact=off&number=222
https://vsrf.ru/lk/practice/appeals
https://vsrf.ru/lk/practice/appeals?®isterDateExact=off&considerationDateExact=off&numberExact=off&number=333
https://vsrf.ru/lk/practice/hearings
https://vsrf.ru/lk/practice/hearings?&numberExact=off&number=444&eventDateExact=true
https://vsrf.ru/lk/calculator/list
https://vsrf.ru/press_center/news
https://vsrf.ru/press_center/news/?keyword=%D0%B4%D0%B5%D0%BB%D0%BE&before=10
https://vsrf.ru/press_center/mass_media
https://vsrf.ru/press_center/mass_media/?keyword=%D0%B2%D1%81&before=24
https://vsrf.ru/documents/own
https://vsrf.ru/documents/own/?category=resolutions_plenum_supreme_court_russian&before=65
https://vsrf.ru/appeals/requests/activity
https://data.vsrf.ru/
http://data.vsrf.ru/cas/login?service=http%3A%2F%2Fdata.vsrf.ru%2Faccounts%2Flogin%3Fnext%3D%252F
https://data.vsrf.ru/signup/register/reactivate/
https://data.vsrf.ru/signup/password/reset/
https://forum.vsrf.ru/
https://forum.vsrf.ru/search/forum/topics/
https://forum.vsrf.ru/search/forum/posts/?q=%D0%A3%D0%BA%D1%80%D0%B0%D1%97%D0%BD%D0%B0+%D0%BF%D0%B5%D1%80%D0%B5%D0%BC%D0%BE%D0%B6%D0%B5%21
https://sudrf.ru/
https://sudrf.ru/index.php?id=300
https://techportal.sudrf.ru/
https://techportal.sudrf.ru/?id=421&text=%EF%EE%E8%F1%EA
http://os--brb.sudrf.ru/
http://psh.spb.sudrf.ru/
http://inzhavinsky.tmb.sudrf.ru/
http://tmb.sudrf.ru/
http://primorsky--spb.sudrf.ru/
http://pgvs.spb.sudrf.ru/
http://oblsud.tmb.sudrf.ru/
http://tgvs.tmb.sudrf.ru/
http://pichaevsky.tmb.sudrf.ru/
http://nvs.spb.sudrf.ru/
http://kln--spb.sudrf.ru/
http://usd.orb.sudrf.ru/
http://msk--spb.sudrf.ru/
http://nvs--spb.sudrf.ru/
http://iuriev-polsky.wld.sudrf.ru/
http://primorsko-axtarsky.krd.sudrf.ru/
http://ksl--spb.sudrf.ru/
http://sol-iletsky.orb.sudrf.ru/
http://orb.sudrf.ru/
http://cherepoveckygor.vld.sudrf.ru/
http://nikolsky.vld.sudrf.ru/
http://lnn--spb.sudrf.ru/
http://frn--spb.sudrf.ru/
http://oblsud.orb.sudrf.ru/
http://usd.wld.sudrf.ru/
http://primorsky.spb.sudrf.ru/
http://kizilskiy-g--tva.sudrf.ru/
http://vos--spb.sudrf.ru/
http://usd--tula.sudrf.ru/
http://os.brb.sudrf.ru/
http://ulug-hemskiy.tva.sudrf.ru/
http://orenburgsky.orb.sudrf.ru/
http://kraevoi.krd.sudrf.ru/
http://kirsanovsky.tmb.sudrf.ru/
http://krn--spb.sudrf.ru/
http://michurinskygs.tmb.sudrf.ru/
http://vs.tva.sudrf.ru/
http://ngvs.krd.sudrf.ru/
http://usd.tula.sudrf.ru/
http://korenovsk--krd.sudrf.ru/
http://ovjurskiy.tva.sudrf.ru/
http://kaa-hemskiy.tva.sudrf.ru/
http://aleksandrovsky.orb.sudrf.ru/
http://usd.krd.sudrf.ru/
http://psh--spb.sudrf.ru/
http://selivanovsky.wld.sudrf.ru/
http://krv--spb.sudrf.ru/
http://bsr1.sudrf.ru/
https://bsr.sudrf.ru/
https://rgup.ru/
https://rgup.ru/search
https://16ms0023.court-rt-equeue.tat.sudrf.ru/admin/auth
https://16rs0020.court-rt-equeue.tat.sudrf.ru/admin/auth
https://16ms0092.court-rt-equeue.tat.sudrf.ru/admin/auth
https://16rs0022.court-rt-equeue.tat.sudrf.ru/admin/auth
https://16ms0093.court-rt-equeue.tat.sudrf.ru/admin/auth
https://16ms0111.court-rt-equeue.tat.sudrf.ru/admin/auth
https://16ms0021.court-rt-equeue.tat.sudrf.ru/admin/auth
https://16rs0041.court-rt-equeue.tat.sudrf.ru/admin/auth
https://16ms0131.court-rt-equeue.tat.sudrf.ru/admin/auth
https://16ms0070.court-rt-equeue.tat.sudrf.ru/admin/auth
https://16ms0031.court-rt-equeue.tat.sudrf.ru/admin/auth
https://16ms0053.court-rt-equeue.tat.sudrf.ru/admin/auth
https://16ms0151.court-rt-equeue.tat.sudrf.ru/admin/auth
https://16ms0153.court-rt-equeue.tat.sudrf.ru/admin/auth
https://16ms0103.court-rt-equeue.tat.sudrf.ru/admin/auth
https://16ms0112.court-rt-equeue.tat.sudrf.ru/admin/auth
https://16rs0033.court-rt-equeue.tat.sudrf.ru/admin/auth
https://16ms0051.court-rt-equeue.tat.sudrf.ru/admin/auth
https://16ms0052.court-rt-equeue.tat.sudrf.ru/admin/auth
https://16ms0001.court-rt-equeue.tat.sudrf.ru/admin/auth
https://16ms0040.court-rt-equeue.tat.sudrf.ru/admin/auth
https://16ms0141.court-rt-equeue.tat.sudrf.ru/admin/auth
https://16ms0002.court-rt-equeue.tat.sudrf.ru/admin/auth
https://16rs0001.court-rt-equeue.tat.sudrf.ru/admin/auth
https://16rs0050.court-rt-equeue.tat.sudrf.ru/admin/auth
https://16ms0140.court-rt-equeue.tat.sudrf.ru/admin/auth
https://16rs0031.court-rt-equeue.tat.sudrf.ru/admin/auth
https://16ms0073.court-rt-equeue.tat.sudrf.ru/admin/auth
https://16ms0060.court-rt-equeue.tat.sudrf.ru/admin/auth
https://16ms0100.court-rt-equeue.tat.sudrf.ru/admin/auth
https://16ms0071.court-rt-equeue.tat.sudrf.ru/admin/auth
https://16rs0023.court-rt-equeue.tat.sudrf.ru/admin/auth
https://16ms0113.court-rt-equeue.tat.sudrf.ru/admin/auth
https://16rs0013.court-rt-equeue.tat.sudrf.ru/admin/auth
https://16ms0010.court-rt-equeue.tat.sudrf.ru/admin/auth
https://16rs0012.court-rt-equeue.tat.sudrf.ru/admin/auth
https://16ms0020.court-rt-equeue.tat.sudrf.ru/admin/auth
https://16ms0142.court-rt-equeue.tat.sudrf.ru/admin/auth
https://16ms0163.court-rt-equeue.tat.sudrf.ru/admin/auth
https://16rs0021.court-rt-equeue.tat.sudrf.ru/admin/auth
https://16rs0051.court-rt-equeue.tat.sudrf.ru/admin/auth
https://16ms0182.court-rt-equeue.tat.sudrf.ru/admin/auth
https://16ms0150.court-rt-equeue.tat.sudrf.ru/admin/auth
https://16rs0042.court-rt-equeue.tat.sudrf.ru/admin/auth
https://16ms0143.court-rt-equeue.tat.sudrf.ru/admin/auth
https://16ms0011.court-rt-equeue.tat.sudrf.ru/admin/auth
https://16ms0063.court-rt-equeue.tat.sudrf.ru/admin/auth
https://rsuj.ru/
https://priem.rsuj.ru/
https://fpk.rsuj.ru/login/index.php
https://fpk.rsuj.ru/login/forgot_password.php
http://arbitr.ru/
http://media.ksrf.ru/
http://media3.ksrf.ru/
http://media2.ksrf.ru/
http://www.vkks.ru/
http://www.cdep.ru/
http://vekrf.ru/
http://ssrf.ru/
http://www.ksrf.ru/
http://vestnik.ksrf.ru/
http://scpublish.ksrf.ru/
http://decision.ksrf.ru/
https://petition.ksrf.ru/
http://medias.ksrf.ru/
http://ksmail.ksrf.ru/
https://2aas.arbitr.ru/
https://2aas.arbitr.ru/search/node/%D0%B7%D0%B0%D0%BF%D1%80%D0%BE%D1%81?page=3
http://fasszo.arbitr.ru/
http://fasszo.arbitr.ru/cases/ctimetable?tid=0&filter=true&college=&datefrom=16.01.1900&dateto=16.01.2023
http://fasszo.arbitr.ru/cases/ccaselist?searchtype=dealinfo&prefix=%D0%9056&numdeal=&yeardeal=&fld_12=%D1%88%D0%B5%D0%B2%D1%87%D0%B5%D0%BD%D0%BA%D0%BE&fld_14=
https://1aas.arbitr.ru/
https://1aas.arbitr.ru/search/?action=index&search_query=%D0%B0%D0%BA%D1%82%D1%8B&curPos=140
https://irkutsk.arbitr.ru/?s=%D0%B0%D0%BA%D1%82
https://fasvvo.arbitr.ru/
https://fasvso.arbitr.ru/
https://fasdvo.arbitr.ru/
https://faszso.arbitr.ru/
https://fasmo.arbitr.ru/
https://faspo.arbitr.ru/
https://fassko.arbitr.ru/
https://fasuo.arbitr.ru/
https://fasco.arbitr.ru/
https://3aas.arbitr.ru/
https://4aas.arbitr.ru/
https://5aas.arbitr.ru/
https://6aas.arbitr.ru/
https://7aas.arbitr.ru/
https://8aas.arbitr.ru/
https://9aas.arbitr.ru/
https://10aas.arbitr.ru/
https://11aas.arbitr.ru/
https://12aas.arbitr.ru/
https://13aas.arbitr.ru/
https://14aas.arbitr.ru/
https://15aas.arbitr.ru/
https://16aas.arbitr.ru/
https://17aas.arbitr.ru/
https://18aas.arbitr.ru
https://19aas.arbitr.ru/
https://20aas.arbitr.ru/
https://21aas.arbitr.ru/
https://altai-krai.arbitr.ru/
https://amuras.arbitr.ru/
https://arhangelsk.arbitr.ru/
https://astrahan.arbitr.ru/
https://belgorod.arbitr.ru/
https://bryansk.arbitr.ru/
https://vladimir.arbitr.ru/
https://volgograd.arbitr.ru/
https://vologda.arbitr.ru/
https://voronej.arbitr.ru/
https://msk.arbitr.ru/
https://spb.arbitr.ru/
https://sevastopol.arbitr.ru/
https://eao.arbitr.ru/
https://chita.arbitr.ru/
https://ivanovo.arbitr.ru/
https://askb.arbitr.ru/
https://kaliningrad.arbitr.ru/
https://kaluga.arbitr.ru/
https://kamchatka.arbitr.ru/
https://askchr.arbitr.ru/
https://kemerovo.arbitr.ru/
https://kirov.arbitr.ru/
https://kostroma.arbitr.ru/
https://krasnodar.arbitr.ru/
https://krasnoyarsk.arbitr.ru/
https://kurgan.arbitr.ru/
https://kursk.arbitr.ru/
https://lipetsk.arbitr.ru/
https://magadan.arbitr.ru/
https://asmo.arbitr.ru/
https://murmansk.arbitr.ru/
https://nnov.arbitr.ru/
https://novgorod.arbitr.ru/
https://novosib.arbitr.ru/
https://omsk.arbitr.ru/
https://orenburg.arbitr.ru/
https://orel.arbitr.ru/
https://penza.arbitr.ru/
https://perm.arbitr.ru/
https://primkray.arbitr.ru/
https://pskov.arbitr.ru/
https://www.perm.arbitr.ru/
https://adyg.arbitr.ru/
https://altai.arbitr.ru/
https://ufa.arbitr.ru/
https://buryatia.arbitr.ru/
https://mahachkala.arbitr.ru/
https://ingushetia.arbitr.ru/
https://kalmyk.arbitr.ru/
https://karelia.arbitr.ru/
https://komi.arbitr.ru/
https://crimea.arbitr.ru/
https://mari-el.arbitr.ru/
https://asrm.arbitr.ru/
https://yakutsk.arbitr.ru/
https://alania.arbitr.ru/
https://tatarstan.arbitr.ru/
https://tyva.arbitr.ru/
https://khakasia.arbitr.ru/
https://rostov.arbitr.ru/
https://ryazan.arbitr.ru/
https://samara.arbitr.ru/
https://saratov.arbitr.ru/
https://sakhalin.arbitr.ru/
https://ekaterinburg.arbitr.ru/
https://smolensk.arbitr.ru/
https://stavropol.arbitr.ru/
https://tambov.arbitr.ru/
https://tver.arbitr.ru/
https://tomsk.arbitr.ru/
https://tula.arbitr.ru/
https://tumen.arbitr.ru/
https://udmurtiya.arbitr.ru/
https://ulyanovsk.arbitr.ru/
https://khabarovsk.arbitr.ru/
https://hmao.arbitr.ru/
https://chel.arbitr.ru/
https://chechnya.arbitr.ru/
https://chuvashia.arbitr.ru/
https://chukotka.arbitr.ru/
https://yamal.arbitr.ru/
https://yaroslavl.arbitr.ru/
https://ipc.arbitr.ru/
https://forumspb.com/en/
https://forumspb.com/en/news/
https://forumspb.com/en/partners/become-a-partner/
https://best-practices.roscongress.org/
https://forumhealth.ru/
https://forumhealth.ru/spief-2022/programme/
https://rusinvestforum.org/roscongress-club/roscongress-club/
https://rusinvestforum.org/personal-account-login/
https://rusinvestforum.org/poisk/?q=%D1%80%D1%83
https://roscongress.org/en/
https://roscongress.org/en/news/?date=all&mindate=&maxdate=&search=&search=rus
https://roscongress.org/en/search/?q=stop
https://roscongress.org/en/blog/
https://roscongress.org/en/blog/?search=rus&date=all&mindate=&maxdate=
https://roscongress.org/news/?date=all&mindate=&maxdate=&search=&search=%D1%80%D1%83
https://roscongress.org/events/
https://roscongress.org/events/?search=&search=%D1%80%D1%83
https://reg.roscongress.org/en/login
https://ideas.roscongress.org/
https://ideas.roscongress.org/users/sign_in
https://ideas.roscongress.org/users/auth/leader_id
https://ideas.roscongress.org/sections
https://forbusiness.roscongress.org/
https://www.businesspriority.ru/
https://businesspriority.ru/accel
https://innosocium.org/
https://innosocium.org/search/?q=%D1%80%D1%83&how=r
https://status-priority.com/
https://www.investinregions.ru/
https://www.investinregions.ru/news/
https://www.investinregions.ru/search/?q=%D1%80%D1%83
https://roscongress-invest.com/
https://roscongress-invest.com/request/
https://roscongress-invest.com/services/
https://roscongress-invest.com/search/?q=%D1%80%D1%83
https://russiacb.com/
https://russiacb.com/events/
https://russiacb.com/events/?start_date=2000-03-06&end_date=2022-06-01
https://online.russiacb.com/auth/
https://online.russiacb.com/auth/restore/
https://time4photo.ru/
https://time4photo.ru/signin
https://time4photo.ru/search/%D1%80%D1%83
https://time4photo.ru/search/%D0%B0
https://rc-art.roscongress.org/
https://www.novatek.ru/en/
https://www.novatek.ru/ru/investors/
https://www.novatek.ru/ru/press/releases/?newsFilterFormMode_4=all
https://www.novatek.ru/ru/search/?q_4=%D1%80%D1%83
https://www.novatek.ru/en/search/index.php?source_id_4=1&sortby_4=&q_4=ru&search_page_4=1001&te_object_id_4=&items_per_page_4=10&date_from_4=&date_to_4=
https://xn--80aafaxhj3c.xn--p1ai/
https://xn--80aafaxhj3c.xn--p1ai/product/apply_to_veb?utm_campaign=finansirovnie&utm_medium=button&utm_source=webrf&form_code=apply_to_veb_form_v10&product_code=apply_to_veb
https://xn--80aafaxhj3c.xn--p1ai/wizard?category=small_business&need=working_capital_replenishment&sort=bank_rate%2CASC&tool=financing
https://xn--80aafaxhj3c.xn--p1ai/wizard?amount=1000000&category=small_business&need=working_capital_replenishment&sort=bank_rate%2CASC&tool=financing
https://xn--80aafaxhj3c.xn--p1ai/business_credits/refinansirovanie?amount=500000&sort=category%2CDESC
https://xn--l1afq9a.xn--80aafaxhj3c.xn--p1ai/
https://www.roscongressclub.ru/
https://www.roscongressclub.ru/news/
https://xn--90ab5f.xn--p1ai/
https://veb.ru/en/
https://veb.ru/en/investors/
https://veb.ru/en/press-center/
https://veb.ru/en/search/?q=ru
https://www.exportcenter.ru/
https://corpmsp.ru/
https://corpmsp.ru/search/?q=%D0%B1%D0%B8%D0%B7%D0%BD%D0%B5%D1%81&PAGEN_1=33&SIZEN_1=15
https://atr.gov.ru/
https://atr.gov.ru/news
https://vebeng.ru/
https://vebeng.ru/projects/list/
https://vebeng.ru/search/?tags=&how=r&q=%D0%BF%D1%80%D0%BE%D0%B5%D0%BA%D1%82&PAGEN_1=10
https://pppcenter.ru/
https://pppcenter.ru/obuchenie/
https://pppcenter.ru/search/?tags=&how=r&q=%D1%86%D0%B5%D0%BD%D1%82%D1%80
https://xn--h1apajh.xn--p1ai/
https://xn--h1apajh.xn--p1ai/msp/
https://xn--80aengj8j.xn--h1apajh.xn--p1ai/auth/
https://veb.ventures/ru
https://vebinfra.ru/
https://vebinfra.ru/news/?PAGEN_1=15
https://frprf.ru/
https://progorod.veb.ru/
https://progorod.veb.ru/projects/
https://fiop.site/
https://fiop.site/press-tsentr/
https://fiop.site/press-tsentr/page40/
https://lk.frprf.ru/
https://fasie.ru/
http://www.rosseti.ru/eng/
https://online.fasie.ru/m/?ReturnUrl=%2F
http://privetmir.ru
https://XN--D1ACHJHDICC8BH4H.XN--P1AI/
https://XN--D1ACHJHDICC8BH4H.XN--P1AI/ais_news/?paged=19&s=%D0%B3
https://xn--d1achjhdicc8bh4h.xn--80asehdb/
https://mfc-gosuslugi.ru/
http://mfc01.ru/
http://www.altai-mfc.ru/
https://mfcrb.ru/
https://mfc.govrb.ru/
https://xn--90arfsrm.xn--p1ai/
http://mfc.rk08.ru/
http://mfcrd.ru/
http://mfcing.ru/
http://mydocuments11.ru/
https://umfc.kchgov.ru/
https://mfc-karelia.ru/
https://www.mfc13.ru/
https://mfc.mari-el.gov.ru/
https://mfc16.tatarstan.ru/
http://www.mfcsakha.ru/
https://uslugi.tatarstan.ru/mfc
https://kovilkino.e-mordovia.ru/
https://dubenki.e-mordovia.ru/
https://ruzaevka-rm.ru/
https://ardatov.e-mordovia.ru/
https://krasnoslobodsk.e-mordovia.ru/
https://chamzinka.e-mordovia.ru/
https://staroshajgovo.e-mordovia.ru/
https://zpolyana.e-mordovia.ru/
https://bignatovo.e-mordovia.ru/
https://elniki.e-mordovia.ru/
https://insar.e-mordovia.ru/
https://bberezniki.e-mordovia.ru/
https://torbeevo.e-mordovia.ru/
https://aturevo.e-mordovia.ru/
https://temnikov.e-mordovia.ru/
https://tengushevo.e-mordovia.ru/
http://xn--15-jlcennldkec6cj0j.xn--p1ai/
http://www.romodanovo-rm.ru/mfc/
http://www.ichalkirm.ru/MFC/
https://mfcur.ru/
http://www.mfcrt.ru/
https://mfc21.ru/
https://www.mfc-chita.ru/aginsk
http://portalmfc.kamgov.ru/
https://www.e-mfc.ru/
http://24mfc.ru/
https://www.mfc.permkrai.ru/
https://umfc26.ru/
https://xn--27-7lc6ak.xn--p1ai/
https://mfc27.ru/
https://www.mfc-amur.ru/
https://portal.mfc.gosuslugi29.ru/
https://www.mfc-25.ru/
http://rmfc-95.ru/
http://mfc50.ru/
https://mfc.yuzha.ru/
https://www.mfc31.ru/
https://www.mfc-kursk.ru/
http://www.mfcserp.ru/
https://umfc48.ru/
http://mfc-shuya.ru/
https://xn--42-jlcennldkec6cj0j.xn--p1ai/
https://mfc.ivanovoobl.ru/
https://www.mydoc49.ru/
http://xn----dtbsnidddjvry.xn--p1ai/
https://mfc.astrobl.ru/
http://mfcsp.ru/
http://mfckineshma.ru/
https://mfc38.ru/
https://mfc38.ru/component/search/?searchword=%D1%83%D1%81%D0%BB%D1%83%D0%B3%D0%B8&searchphrase=all&start=60
https://kmfc40.ru/
http://mfcpavpos.ru/
https://www.nikolsk.mfc35.ru/
https://cherepovets.mfc35.ru/
https://www.babaevo.mfc35.ru/
https://babushkino.mfc35.ru/
https://belozersk.mfc35.ru/
https://lbor.mfc35.ru/
https://www.vumr.mfc35.ru/
https://verh.mfc35.ru/
https://vozhega.mfc35.ru/
https://vytegra.mfc35.ru/
https://gryazovets.mfc35.ru/
https://kaduy.mfc35.ru/
https://kirillov.mfc35.ru/
https://mr.mfc35.ru/
https://nuksen.mfc35.ru/
https://tarnoga.mfc35.ru/
https://totma.mfc35.ru/
https://uste.mfc35.ru/
https://harovsk.mfc35.ru/
https://chagoda.mfc35.ru/
https://sheksna.mfc35.ru/
https://cherrn.mfc35.ru/
https://volrn.mfc35.ru/
https://kgorodok.mfc35.ru/
https://www.sokol.mfc35.ru/
https://vologda.mfc35.ru/
https://mydocuments36.ru/
http://mfc47.ru/
https://mfcshatura.ru/
http://mfc-dmitrov.ru/
http://mfcistra.ru
http://mfc-krasnoarmeysk.ru/
http://mfckrasnogorsk.ru/
http://mfcnoginsk.ru/
http://mfc-dmitrov.ru
http://hmfc.ru/
http://mfcvidnoe.ru/
https://www.mfc-st.ru/
http://mfc.adm-nao.ru/
http://mfc-fryazino.ru/
https://xn--43-jlcennldkec6cj0j.xn--p1ai/
http://xn----8sbouddburlidr2a5hf.xn--p1ai/
https://mfciv.ru/
http://www.mfc-spmr.ru/
http://mfcklin.ru/
https://mfcsch.ru
http://mfcdomodedovo.ru/
http://mfc.gorodmednogorsk.ru/
http://podolskmfc.ru/
http://lubmfc.ru/
http://www.odinmfc.ru/
http://www.mfc44.ru/
http://mfc.volganet.ru/
http://mfcpuschino.ru/
https://mfc.lospet.ru
https://mfc-ramenskoye.ru/
https://www.mfc45.ru/
https://www.mfcpavpos.ru/
http://egoryevsk-mfc.ru/
http://xn----ctbskii8andnd0d.xn--p1ai/
http://xn----8sbfdj6afelkbbu7c4ar.xn--p1ai/
http://xn----8sbah4biqzwmiz2h.xn--p1ai/
https://mfc-vlasiha.ru/
http://mfc-rgo.ru/
http://chehovmfc.ru/
https://mfc39.ru/
https://xn--32-7lc6ak.xn--p1ai/
http://mfc-ozery.ru
https://www.mfc-taldom.ru/
http://www.bmfc.ru/
https://mfc-dubna.ru
https://mfc-korolev.ru
https://www.mfc-korolev.ru
http://mfc-kohma.ru/
http://mfc-kolomna.ru/
http://xn----btbvnhafp7auh4d.xn--p1ai/
http://xn----htbdediaihnr7aq7a4a.xn--p1ai/
http://xn----8sba0amgi9alxw.xn--p1ai/
http://xn----ptbicieac6aqw3a.xn--p1ai/
http://xn----ptbfgigd6aguz.xn--p1ai/
http://xn----8sba5aik6a1asx.xn--p1ai/
https://kmfc.ru/
https://gu.spb.ru/
https://eservice.gu.spb.ru/portalFront/resources/portal.html
https://gu.spb.ru/search/?q=%D1%81%D1%81%D1%8B%D0%BB%D0%BA%D0%B8&tags=&how=r
https://reutov-mfc.ru/
http://mfc-zhukovskiy.ru/
https://mfcelgorsk.ru
http://moz-mfc.ru/
https://mfclobnya.ru
https://mfc-kotelnikigo.ru/
http://dol-mfc.ru/
http://bz.orb.ru/
http://mfcmmr.ru
http://mfcozmo.ru/
http://vosmfc.ru/
https://www.mfc51.ru/
https://kovdor.mfc51.ru/
http://kirovsk.mfc51.ru/
https://pz.mfc51.ru/
https://umba.mfc51.ru/
http://kanda.mfc51.ru/
http://vidyaevo.mfc51.ru/
http://kola.mfc51.ru/
https://lovozero.mfc51.ru/
https://zaozersk.mfc51.ru/
https://pechenga.mfc51.ru/
https://olenegorsk.mfc51.ru/
https://severomorsk.mfc51.ru/
https://monchegorsk.mfc51.ru/
http://aleksandrovsk.mfc51.ru/
http://apatity.mfc51.ru/
http://umfc-no.ru/
https://mfc53.novreg.ru/
https://xn----ttbebjtrq.xn--p1ai/
http://www.mfc56.ru/
http://orenmfc.ru/
https://www.mfc-nso.ru/
http://mo-ab-area.orb.ru/
http://mo-pn.orb.ru/
http://mo-sv.orb.ru/
http://mo-ok.orb.ru/
http://mo-ko.orb.ru/
http://novo-mfc.ru/
http://www.xn--c1asyi.xn--p1ai/
https://mo-ns.orb.ru/
https://mo-be.orb.ru/
https://mo-dm.orb.ru/
https://mo-se.orb.ru/
http://www.tl.orb.ru/
https://regionkuv.orb.ru/
https://mo-sl.orb.ru/
https://bugr.orb.ru/
http://www.area-sar.ru/
http://mdakb.ru/
http://xn----8sbaa2cjd7ae2aw.xn--p1ai/
http://www.xn----jtboglbzosd.xn--p1ai/
http://www.ilek56.net/
https://www.mdsol.ru/
http://xn----ttbejkgrq.xn--p1ai/
https://xn----dtbyfggbaskzy.xn--p1ai/
http://sorochinsk56.ru/
https://mfc-orel.ru/
http://xn--80afxkv5dm.xn--p1ai/
https://mfcvolgodonsk.ru/
https://mfc-asekeevo.ru/
https://mfc.pskov.ru/
http://xn----btbsmec5cbbdw.xn--p1ai/
https://belinskij.mdocs.ru/
https://kameshkir.mdocs.ru/
https://bekovo.mdocs.ru/
https://nlomov.mdocs.ru/
https://bashmakovo.mdocs.ru/
https://sosnovoborsk.mdocs.ru/
https://nikolsk.mdocs.ru/
https://mserdoba.mdocs.ru/
https://shem.mdocs.ru/
https://vadinsk.mdocs.ru/
https://mokshan.mdocs.ru/
https://zarechniy.mdocs.ru/
https://issa.mdocs.ru/
https://narovchat.mdocs.ru/
https://gorodishe.mdocs.ru/
https://pachelma.mdocs.ru/
https://bessonovka.mdocs.ru/
https://kondol.mdocs.ru/
https://neverkino.mdocs.ru/
https://penza.mdocs.ru/
https://lopatino.mdocs.ru/
https://lunino.mdocs.ru/
https://kolyshley.mdocs.ru/
https://spassk.mdocs.ru/
https://zemetchino.mdocs.ru/
https://tamala.mdocs.ru/
https://kamenka.mdocs.ru/
https://kuzneckiy.mdocs.ru/
https://kuzneck.mdocs.ru/
https://serdobsk.mdocs.ru/
http://local.bk.mfc61.ru/
https://md.mos.ru/
https://mfc-74.ru/
http://www.kvarkeno56.ru/
https://mfcperm.ru/
http://www.mfc.yanao.ru/
https://xn--62-jlcennldkec6cj0j.xn--p1ai/
https://www.mfc-tver.ru/
https://mfc71.ru/
https://www.mfc76.ru/
https://mfcto.ru/
https://www.mfcrnd.ru/
http://www.magmfc.ru/
https://mfc.admhmao.ru/
https://www.mfc66.ru/
https://md-crimea.ru/
https://www.md.tomsk.ru/
http://www.taganrogmfc.ru/
https://mfc64.ru/
http://mfc74.ru/
http://www.mfc-kamensk.ru/
http://pervomay.orb.ru/mfc.html
https://mfc.tmbreg.ru/
https://www.mfc.ulgov.ru/
http://mfc87.ru/
http://www.xn--79-7lc6ak.xn--p1ai/
https://www.mfc61.ru/
https://pk.mfc61.ru/
https://sholohovskiy.mfc61.ru/
https://rnd.mfc61.ru/
https://orlov.mfc61.ru/
https://kamenskiy.mfc61.ru/
https://proletarsk.mfc61.ru/
https://aksay.mfc61.ru/
https://remontnoe.mfc61.ru/
https://konstantinovskiy.mfc61.ru/
https://semikarakorsk.mfc61.ru/
https://salsk.mfc61.ru/
https://martinovskiy.mfc61.ru/
https://milutinskiy.mfc61.ru/
https://gukovo.mfc61.ru/
https://sovetskiy.mfc61.ru/
https://oblivskiy.mfc61.ru/
https://cimlyanck.mfc61.ru/
https://donetsk.mfc61.ru/
https://zverevo.mfc61.ru/
https://rn.mfc61.ru/
https://novoshahtinsk.mfc61.ru/
https://tatsinskiy.mfc61.ru/
https://morozov.mfc61.ru/
https://volgodonskoy.mfc61.ru/
https://kuib.mfc61.ru/
https://neklinovskiy.mfc61.ru/
https://dubovskiy.mfc61.ru/
https://novocherkassk.mfc61.ru/
https://taganrog.mfc61.ru/
https://okt.mfc61.ru/
https://ustdon.mfc61.ru/
https://shahti.mfc61.ru/
https://celina.mfc61.ru/
https://mk.mfc61.ru/
https://bagaevskiy.mfc61.ru/
https://bokovskiy.mfc61.ru/
https://verhnedonskoy.mfc61.ru/
https://zavetinskiy.mfc61.ru/
https://zernogradskiy.mfc61.ru/
https://zimovniki.mfc61.ru/
https://kagalnitskiy.mfc61.ru/
https://ks.mfc61.ru/
https://millerovo.mfc61.ru/
https://veselov.mfc61.ru/
https://bataysk.mfc61.ru/
https://azovskiy.mfc61.ru/
https://chertkovskiy.mfc61.ru/
https://kasharskiy.mfc61.ru/
https://egorlyk.mfc61.ru/
https://myasnikovskiy.mfc61.ru/
https://www.mfc63.samregion.ru/
https://mfc.admsakhalin.ru/
https://www.mfckm.ru/
https://mfc92.ru/
https://xn--92-7lc6ak.xn--p1ai/
https://xn--67-7lc6ak.xn--p1ai/
